[2017-10-21 10:11:31] eseye.INFO: [http 200] [OK] get -> https://esi.tech.ccp.is/latest/characters/93796719/?datasource=singularity [0.26s]
[2017-10-21 10:11:31] eseye.WARNING: An unknown URI was called. Allowing /corporation/{corporation_id}/mining/observers/
[2017-10-21 10:11:33] eseye.INFO: [http 200] [OK] get -> https://esi.tech.ccp.is/latest/corporation/98444656/mining/observers/?datasource=singularity [1.46s]
[2017-10-21 10:11:33] eseye.INFO: [http 200] [OK] get -> https://esi.tech.ccp.is/latest/universe/structures/1025243026713/?datasource=singularity [0.04s]
[2017-10-21 10:11:33] eseye.INFO: [http 200] [OK] get -> https://esi.tech.ccp.is/latest/universe/structures/1025243043490/?datasource=singularity [0.04s]
[2017-10-21 10:27:39] eseye.INFO: [http 200] [OK] get -> https://esi.tech.ccp.is/latest/characters/93796719/?datasource=singularity [0.72s]
[2017-10-21 10:27:39] eseye.WARNING: An unknown URI was called. Allowing /corporation/{corporation_id}/mining/observers/{observer_id}/
[2017-10-21 10:27:40] eseye.INFO: [http 200] [OK] get -> https://esi.tech.ccp.is/latest/corporation/98444656/mining/observers/1025243026713/?datasource=singularity [1.45s]
[2017-10-21 10:27:41] eseye.WARNING: An unknown URI was called. Allowing /corporation/{corporation_id}/mining/observers/{observer_id}/
[2017-10-21 10:27:41] eseye.INFO: [http 200] [OK] get -> https://esi.tech.ccp.is/latest/corporation/98444656/mining/observers/1025243043490/?datasource=singularity [0.03s]
[2017-10-21 10:29:14] eseye.WARNING: An unknown URI was called. Allowing /corporation/{corporation_id}/mining/observers/{observer_id}/
[2017-10-21 10:29:14] eseye.WARNING: An unknown URI was called. Allowing /corporation/{corporation_id}/mining/observers/{observer_id}/
[2017-10-21 10:29:28] eseye.INFO: [http 201] [Created] post -> https://esi.tech.ccp.is/latest/characters/93796719/mail/?datasource=singularity [1.54s]
[2017-10-21 10:29:29] eseye.INFO: [http 201] [Created] post -> https://esi.tech.ccp.is/latest/characters/93796719/mail/?datasource=singularity [1.02s]
[2017-10-21 10:29:29] eseye.INFO: [http 201] [Created] post -> https://esi.tech.ccp.is/latest/characters/93796719/mail/?datasource=singularity [0.26s]
[2017-10-21 10:29:30] eseye.INFO: [http 201] [Created] post -> https://esi.tech.ccp.is/latest/characters/93796719/mail/?datasource=singularity [0.93s]
[2017-10-21 10:29:31] eseye.INFO: [http 201] [Created] post -> https://esi.tech.ccp.is/latest/characters/93796719/mail/?datasource=singularity [0.91s]
[2017-10-21 10:29:31] eseye.ERROR: [http 420] [status code 420] post -> https://esi.tech.ccp.is/latest/characters/93796719/mail/?datasource=singularity [0.24s]
[2017-10-21 10:29:33] eseye.ERROR: [http 420] [status code 420] post -> https://esi.tech.ccp.is/latest/characters/93796719/mail/?datasource=singularity [0.67s]
[2017-10-21 10:29:34] eseye.ERROR: [http 420] [status code 420] post -> https://esi.tech.ccp.is/latest/characters/93796719/mail/?datasource=singularity [0.75s]
[2017-10-21 10:29:35] eseye.ERROR: [http 420] [status code 420] post -> https://esi.tech.ccp.is/latest/characters/93796719/mail/?datasource=singularity [0.67s]
[2017-10-21 10:29:36] eseye.ERROR: [http 420] [status code 420] post -> https://esi.tech.ccp.is/latest/characters/93796719/mail/?datasource=singularity [0.63s]
[2017-10-21 10:29:37] eseye.ERROR: [http 420] [status code 420] post -> https://esi.tech.ccp.is/latest/characters/93796719/mail/?datasource=singularity [0.66s]
[2017-10-21 10:31:09] eseye.INFO: [http 201] [Created] post -> https://esi.tech.ccp.is/latest/characters/93796719/mail/?datasource=singularity [0.99s]
[2017-10-21 10:31:10] eseye.INFO: [http 201] [Created] post -> https://esi.tech.ccp.is/latest/characters/93796719/mail/?datasource=singularity [0.25s]
[2017-10-21 10:31:11] eseye.INFO: [http 201] [Created] post -> https://esi.tech.ccp.is/latest/characters/93796719/mail/?datasource=singularity [1.01s]
[2017-10-21 10:31:12] eseye.INFO: [http 201] [Created] post -> https://esi.tech.ccp.is/latest/characters/93796719/mail/?datasource=singularity [1.02s]
[2017-10-21 10:31:12] eseye.INFO: [http 201] [Created] post -> https://esi.tech.ccp.is/latest/characters/93796719/mail/?datasource=singularity [0.27s]
[2017-10-21 10:31:12] eseye.ERROR: [http 420] [status code 420] post -> https://esi.tech.ccp.is/latest/characters/93796719/mail/?datasource=singularity [0.34s]
[2017-10-21 10:31:13] eseye.ERROR: [http 420] [status code 420] post -> https://esi.tech.ccp.is/latest/characters/93796719/mail/?datasource=singularity [0.62s]
